[2024-12-07 09:58:31.987] [server] [info] LogManager initialized successfully
[2024-12-07 09:58:31.987] [server] [info] Server logger init successfully
[2024-12-07 10:40:52.101] [server] [info] LogManager initialized successfully

[2024-12-07 10:40:52.101] [server] [info] Server logger init successfully
[2024-12-07 10:45:40.231] [server] [info] LogManager initialized successfully

[2024-12-07 10:45:40.231] [server] [info] Server logger init successfully
[2024-12-07 11:10:49.565] [server] [info] LogManager initialized successfully
[2024-12-07 11:10:49.565] [server] [info] Server logger init successfully
[2024-12-07 11:17:01.547] [server] [info] LogManager initialized successfully
[2024-12-07 11:17:01.547] [server] [info] Server logger init successfully
[2024-12-07 11:18:34.963] [server] [info] LogManager initialized successfully
[2024-12-07 11:18:34.963] [server] [info] Server logger init successfully
[2024-12-07 11:19:53.655] [server] [info] LogManager initialized successfully
[2024-12-07 11:19:53.655] [server] [info] Server logger init successfully
[2024-12-07 11:22:12.403] [server] [info] LogManager initialized successfully
[2024-12-07 11:22:12.403] [server] [info] Server logger init successfully
[2024-12-07 11:24:39.447] [server] [info] LogManager initialized successfully
[2024-12-07 11:24:39.447] [server] [info] Server logger init successfully
[2024-12-07 11:25:50.648] [server] [info] LogManager initialized successfully
[2024-12-07 11:25:50.648] [server] [info] Server logger init successfully
[2024-12-07 11:26:58.438] [server] [info] LogManager initialized successfully
[2024-12-07 11:26:58.438] [server] [info] Server logger init successfully
[2024-12-07 11:29:33.838] [server] [info] LogManager initialized successfully
[2024-12-07 11:29:33.838] [server] [info] Server logger init successfully
[2024-12-07 11:31:35.293] [server] [info] LogManager initialized successfully
[2024-12-07 11:31:35.293] [server] [info] Server logger init successfully
[2024-12-07 11:50:04.495] [server] [info] LogManager initialized successfully
[2024-12-07 11:50:04.495] [server] [info] Server logger init successfully
[2024-12-07 11:50:09.091] [server] [warning] Login failed for account: aaa
[2024-12-07 11:51:17.244] [server] [info] LogManager initialized successfully
[2024-12-07 11:51:17.244] [server] [info] Server logger init successfully
[2024-12-07 11:51:22.109] [server] [info] LogManager initialized successfully
[2024-12-07 11:51:22.109] [server] [info] Server logger init successfully
[2024-12-07 11:51:25.639] [server] [warning] Login failed for account: asaac
[2024-12-07 11:52:32.490] [server] [info] LogManager initialized successfully
[2024-12-07 11:52:32.490] [server] [info] Server logger init successfully
[2024-12-07 11:53:32.955] [server] [info] LogManager initialized successfully
[2024-12-07 11:53:32.955] [server] [info] Server logger init successfully
[2024-12-07 11:55:13.528] [server] [info] LogManager initialized successfully
[2024-12-07 11:55:13.528] [server] [info] Server logger init successfully
[2024-12-07 12:00:08.686] [server] [info] LogManager initialized successfully
[2024-12-07 12:00:08.686] [server] [info] Server logger init successfully
[2024-12-07 12:00:12.556] [server] [warning] Login failed for account: casasc
[2024-12-07 14:52:17.142] [server] [info] LogManager initialized successfully
[2024-12-07 14:52:17.142] [server] [info] Server logger init successfully
[2024-12-07 14:53:55.066] [server] [warning] Login failed for account: 2262317520@qq.com
[2024-12-07 14:56:10.537] [server] [info] LogManager initialized successfully
[2024-12-07 14:56:10.537] [server] [info] Server logger init successfully
[2024-12-07 15:16:32.510] [server] [info] LogManager initialized successfully
[2024-12-07 15:16:32.510] [server] [info] Server logger init successfully
[2024-12-07 15:16:45.650] [server] [info] User 2262317520@qq.com logged in successfully
[2024-12-07 15:16:57.577] [server] [info] User 2262317520@qq.com logged out
[2024-12-07 15:54:26.115] [server] [info] LogManager initialized successfully
[2024-12-07 15:54:26.115] [server] [info] Server logger init successfully
[2024-12-07 15:54:53.545] [server] [info] User 2262317520@qq.com logged in successfully
[2024-12-07 15:56:07.049] [server] [info] User 2262317520@qq.com logged out
